Arguments: 
  /Users/wleaverton/.nvm/versions/node/v16.9.1/bin/node /Users/wleaverton/.nvm/versions/node/v16.9.1/bin/yarn

PATH: 
  /Users/wleaverton/google-cloud-sdk/bin:/Users/wleaverton/.nvm/versions/node/v16.9.1/bin:/usr/local/bin:/usr/bin:/bin:/usr/sbin:/sbin:/Library/Apple/usr/bin

Yarn version: 
  1.22.17

Node version: 
  16.9.1

Platform: 
  darwin x64

Trace: 
  SyntaxError: /Users/wleaverton/dev/jwplayer-fandom/package.json: Unexpected token } in JSON at position 843
      at JSON.parse (<anonymous>)
      at /Users/wleaverton/.nvm/versions/node/v16.9.1/lib/node_modules/yarn/lib/cli.js:1625:59
      at Generator.next (<anonymous>)
      at step (/Users/wleaverton/.nvm/versions/node/v16.9.1/lib/node_modules/yarn/lib/cli.js:310:30)
      at /Users/wleaverton/.nvm/versions/node/v16.9.1/lib/node_modules/yarn/lib/cli.js:321:13

npm manifest: 
  {
    "name": "jwplayer-fandom",
    "version": "1.12.1",
    "description": "JWPlayer for Fandom",
    "main": "main.js",
    "scripts": {
      "build": "rollup -c"
    },
    "publishConfig": {
      "registry": "https://artifactory.wikia-inc.com/artifactory/api/npm/wikia-npm/"
    },
    "repository": "git+https://github.com/Wikia/jwplayer-fandom.git",
    "author": "Warren Leaverton <wleaverton@fandom.com>",
    "license": "ISC",
    "bugs": {
      "url": "https://github.com/Wikia/jwplayer-fandom/issues"
    },
    "homepage": "https://github.com/Wikia/jwplayer-fandom#readme",
    "devDependencies": {
      "@rollup/plugin-babel": "5.3.0",
      "@babel/cli": "^7.16.0",
  		"@babel/core": "^7.16.5",
  		"@babel/plugin-proposal-optional-chaining": "^7.16.5",
  		"@babel/preset-env": "^7.16.5",
  		"@babel/preset-react": "^7.16.5",
  		"@babel/preset-typescript": "^7.16.5",
    },
    "dependencies": {}
  }

yarn manifest: 
  No manifest

Lockfile: 
  # THIS IS AN AUTOGENERATED FILE. DO NOT EDIT THIS FILE DIRECTLY.
  # yarn lockfile v1
  
  
  "@babel/helper-module-imports@^7.10.4":
    version "7.16.7"
    resolved "https://registry.yarnpkg.com/@babel/helper-module-imports/-/helper-module-imports-7.16.7.tgz#25612a8091a999704461c8a222d0efec5d091437"
    integrity sha512-LVtS6TqjJHFc+nYeITRo6VLXve70xmq7wPhWTqDJusJEgGmkAACWwMiTNrvfoQo6hEhFwAIixNkvB0jPXDL8Wg==
    dependencies:
      "@babel/types" "^7.16.7"
  
  "@babel/helper-validator-identifier@^7.16.7":
    version "7.16.7"
    resolved "https://registry.yarnpkg.com/@babel/helper-validator-identifier/-/helper-validator-identifier-7.16.7.tgz#e8c602438c4a8195751243da9031d1607d247cad"
    integrity sha512-hsEnFemeiW4D08A5gUAZxLBTXpZ39P+a+DGDsHw1yxqyQ/jzFEnxf5uTEGp+3bzAbNOxU1paTgYS4ECU/IgfDw==
  
  "@babel/types@^7.16.7":
    version "7.17.0"
    resolved "https://registry.yarnpkg.com/@babel/types/-/types-7.17.0.tgz#a826e368bccb6b3d84acd76acad5c0d87342390b"
    integrity sha512-TmKSNO4D5rzhL5bjWFcVHHLETzfQ/AmbKpKPOSjlP0WoHZ6L911fgoOKY4Alp/emzG4cHJdyN49zpgkbXFEHHw==
    dependencies:
      "@babel/helper-validator-identifier" "^7.16.7"
      to-fast-properties "^2.0.0"
  
  "@rollup/plugin-babel@5.3.0":
    version "5.3.0"
    resolved "https://registry.yarnpkg.com/@rollup/plugin-babel/-/plugin-babel-5.3.0.tgz#9cb1c5146ddd6a4968ad96f209c50c62f92f9879"
    integrity sha512-9uIC8HZOnVLrLHxayq/PTzw+uS25E14KPUBh5ktF+18Mjo5yK0ToMMx6epY0uEgkjwJw0aBW4x2horYXh8juWw==
    dependencies:
      "@babel/helper-module-imports" "^7.10.4"
      "@rollup/pluginutils" "^3.1.0"
  
  "@rollup/pluginutils@^3.1.0":
    version "3.1.0"
    resolved "https://registry.yarnpkg.com/@rollup/pluginutils/-/pluginutils-3.1.0.tgz#706b4524ee6dc8b103b3c995533e5ad680c02b9b"
    integrity sha512-GksZ6pr6TpIjHm8h9lSQ8pi8BE9VeubNT0OMJ3B5uZJ8pz73NPiqOtCog/x2/QzM1ENChPKxMDhiQuRHsqc+lg==
    dependencies:
      "@types/estree" "0.0.39"
      estree-walker "^1.0.1"
      picomatch "^2.2.2"
  
  "@types/estree@0.0.39":
    version "0.0.39"
    resolved "https://registry.yarnpkg.com/@types/estree/-/estree-0.0.39.tgz#e177e699ee1b8c22d23174caaa7422644389509f"
    integrity sha512-EYNwp3bU+98cpU4lAWYYL7Zz+2gryWH1qbdDTidVd6hkiR6weksdbMadyXKXNPEkQFhXM+hVO9ZygomHXp+AIw==
  
  estree-walker@^1.0.1:
    version "1.0.1"
    resolved "https://registry.yarnpkg.com/estree-walker/-/estree-walker-1.0.1.tgz#31bc5d612c96b704106b477e6dd5d8aa138cb700"
    integrity sha512-1fMXF3YP4pZZVozF8j/ZLfvnR8NSIljt56UhbZ5PeeDmmGHpgpdwQt7ITlGvYaQukCvuBRMLEiKiYC+oeIg4cg==
  
  picomatch@^2.2.2:
    version "2.3.1"
    resolved "https://registry.yarnpkg.com/picomatch/-/picomatch-2.3.1.tgz#3ba3833733646d9d3e4995946c1365a67fb07a42"
    integrity sha512-JU3teHTNjmE2VCGFzuY8EXzCDVwEqB2a8fsIvwaStHhAWJEeVd1o1QD80CU6+ZdEXXSLbSsuLwJjkCBWqRQUVA==
  
  to-fast-properties@^2.0.0:
    version "2.0.0"
    resolved "https://registry.yarnpkg.com/to-fast-properties/-/to-fast-properties-2.0.0.tgz#dc5e698cbd079265bc73e0377681a4e4e83f616e"
    integrity sha1-3F5pjL0HkmW8c+A3doGk5Og/YW4=
